Arguments: 
  /Users/xiongzhend/.nvm/versions/node/v12.22.6/bin/node /Users/xiongzhend/.nvm/versions/node/v12.22.6/bin/yarn

PATH: 
  /Users/xiongzhend/.nvm/versions/node/v12.22.6/bin:/usr/local/bin:/usr/bin:/bin:/usr/sbin:/sbin:/Applications/VMware Fusion.app/Contents/Public:/Library/Apple/usr/bin:/Users/xiongzhend/.cargo/bin:/Users/xiongzhend/Documents/Solidity/hardhat/hardhat-tutorial-ifopool/node_modules/.bin

Yarn version: 
  1.22.15

Node version: 
  12.22.6

Platform: 
  darwin x64

Trace: 
  Error: https://registry.npm.taobao.org/pancake-cake-vault: [NOT_FOUND] pancake-cake-vault not found
      at Request.params.callback [as _callback] (/Users/xiongzhend/.nvm/versions/node/v12.22.6/lib/node_modules/yarn/lib/cli.js:66140:18)
      at Request.self.callback (/Users/xiongzhend/.nvm/versions/node/v12.22.6/lib/node_modules/yarn/lib/cli.js:140885:22)
      at Request.emit (events.js:314:20)
      at Request.<anonymous> (/Users/xiongzhend/.nvm/versions/node/v12.22.6/lib/node_modules/yarn/lib/cli.js:141857:10)
      at Request.emit (events.js:314:20)
      at Gunzip.<anonymous> (/Users/xiongzhend/.nvm/versions/node/v12.22.6/lib/node_modules/yarn/lib/cli.js:141779:12)
      at Object.onceWrapper (events.js:420:28)
      at Gunzip.emit (events.js:326:22)
      at endReadableNT (_stream_readable.js:1241:12)
      at processTicksAndRejections (internal/process/task_queues.js:84:21)

npm manifest: 
  {
    "name": "hardhat-tutorial",
    "version": "1.0.0",
    "description": "",
    "main": "index.js",
    "scripts": {
      "test": "echo \"Error: no test specified\" && exit 1"
    },
    "keywords": [],
    "author": "",
    "license": "ISC",
    "devDependencies": {
      "@commitlint/cli": "^12.1.4",
      "@commitlint/config-conventional": "^12.1.4",
      "@nomiclabs/hardhat-ethers": "^2.0.2",
      "@nomiclabs/hardhat-truffle5": "^2.0.0",
      "@nomiclabs/hardhat-web3": "^2.0.0",
      "@openzeppelin/test-helpers": "^0.5.11",
      "@pancakeswap/eslint-config-pancake": "^1.2.0",
      "@pancakeswap/pancake-swap-lib": "0.0.4",
      "@types/chai": "^4.2.21",
      "@types/mocha": "^8.2.2",
      "@types/node": "^14.14.35",
      "chai": "^4.2.0",
      "dotenv": "^8.2.0",
      "eslint": "^7.22.0",
      "ethereum-waffle": "^3.2.1",
      "ethers": "^5.0.23",
      "hardhat": "^2.4.1",
      "hardhat-abi-exporter": "2.0.6",
      "hardhat-contract-sizer": "^2.0.2",
      "hardhat-watcher": "^2.1.1",
      "husky": "^7.0.0",
      "lerna": "^4.0.0",
      "prettier": "^2.3.2",
      "prettier-plugin-solidity": "^1.0.0-beta.17",
      "solidity-coverage": "^0.7.13",
      "ts-node": "^9.1.1",
      "typescript": "^4.2.3",
      "web3": "^1.3.6"
    },
    "dependencies": {
      "@openzeppelin/contracts": "^3.2.0",
      "pancake-cake-vault": "1.0.0"
    }
  }

yarn manifest: 
  No manifest

Lockfile: 
  No lockfile
